<?xml version="1.0" encoding="UTF-8" ?>
<testsuite errors="0" failures="1" hostname="sukigara-pc" name="sample.MainTest" skipped="0" tests="1" time="0.199" timestamp="2014-04-08T05:06:59">
  <properties>
[...]
</properties>
  <testcase classname="sample.MainTest" name="test" time="0.018">
    <failure message="Not yet implemented" type="junit.framework.AssertionFailedError">junit.framework.AssertionFailedError: Not yet implemented
	at sample.MainTest.test(MainTest.java:11)
</failure>
  </testcase>
  <system-out><![CDATA[]]></system-out>
  <system-err><![CDATA[]]></system-err>
</testsuite>
